<?xml version="1.0" encoding="UTF-8"?>
<testsuite xmlns:xsi="http://www.w3.org/2001/XMLSchema-instance" xsi:noNamespaceSchemaLocation="https://maven.apache.org/surefire/maven-surefire-plugin/xsd/surefire-test-report-3.0.xsd" version="3.0" name="org.example.testRunner.runner" time="300.279" tests="13" errors="0" skipped="0" failures="2">
  <properties>
[...]
</properties>
  <testcase name="runScenario[&quot;guest user could register with valid data successfully&quot;, &quot;users could register with new account&quot;](1)" classname="org.example.testRunner.runner" time="32.58">
    <system-err><![CDATA[SLF4J: Failed to load class "org.slf4j.impl.StaticLoggerBinder".
SLF4J: Defaulting to no-operation (NOP) logger implementation
SLF4J: See http://www.slf4j.org/codes.html#StaticLoggerBinder for further details.
Starting ChromeDriver 102.0.5005.61 (0e59bcc00cc4985ce39ad31c150065f159d95ad3-refs/branch-heads/5005@{#819}) on port 52220
Only local connections are allowed.
Please see https://chromedriver.chromium.org/security-considerations for suggestions on keeping ChromeDriver safe.
ChromeDriver was started successfully.
Jun 20, 2022 12:02:30 AM org.openqa.selenium.remote.ProtocolHandshake createSession
INFO: Detected upstream dialect: W3C
Jun 20, 2022 12:02:31 AM org.openqa.selenium.devtools.CdpVersionFinder findNearestMatch
INFO: Found exact CDP implementation for version 102
]]></system-err>
  </testcase>
  <testcase name="runScenario[&quot;logged user select Categories&quot;, &quot;user could select different Categories&quot;](2)" classname="org.example.testRunner.runner" time="20.894">
    <system-out><![CDATA[7
]]></system-out>
    <system-err><![CDATA[Starting ChromeDriver 102.0.5005.61 (0e59bcc00cc4985ce39ad31c150065f159d95ad3-refs/branch-heads/5005@{#819}) on port 51842
Only local connections are allowed.
Please see https://chromedriver.chromium.org/security-considerations for suggestions on keeping ChromeDriver safe.
ChromeDriver was started successfully.
Jun 20, 2022 12:02:58 AM org.openqa.selenium.remote.ProtocolHandshake createSession
INFO: Detected upstream dialect: W3C
Jun 20, 2022 12:02:58 AM org.openqa.selenium.devtools.CdpVersionFinder findNearestMatch
INFO: Found exact CDP implementation for version 102
]]></system-err>
  </testcase>
  <testcase name="runScenario[&quot;user could add different products to Wishlist&quot;, &quot;user could add item to check list&quot;](5)" classname="org.example.testRunner.runner" time="13.283">
    <failure message="The following asserts failed:&#10;	msg expected [true] but found [false]" type="java.lang.AssertionError"><![CDATA[java.lang.AssertionError: 
The following asserts failed:
	msg expected [true] but found [false]
	at org.testng.asserts.SoftAssert.assertAll(SoftAssert.java:46)
	at org.testng.asserts.SoftAssert.assertAll(SoftAssert.java:30)
	at org.example.stepDef.D08_WishlistStepDef.checkMsg(D08_WishlistStepDef.java:31)
	at ✽.the product added to the wishlist and see success msg "wishlist"(file:///E:/Mvencucamber/src/main/resources/Features/F08_Wishlist.feature:6)
]]></failure>
    <system-err><![CDATA[Starting ChromeDriver 102.0.5005.61 (0e59bcc00cc4985ce39ad31c150065f159d95ad3-refs/branch-heads/5005@{#819}) on port 56319
Only local connections are allowed.
Please see https://chromedriver.chromium.org/security-considerations for suggestions on keeping ChromeDriver safe.
ChromeDriver was started successfully.
Jun 20, 2022 12:03:18 AM org.openqa.selenium.remote.ProtocolHandshake createSession
INFO: Detected upstream dialect: W3C
Jun 20, 2022 12:03:18 AM org.openqa.selenium.devtools.CdpVersionFinder findNearestMatch
INFO: Found exact CDP implementation for version 102
Starting ChromeDriver 102.0.5005.61 (0e59bcc00cc4985ce39ad31c150065f159d95ad3-refs/branch-heads/5005@{#819}) on port 51416
Only local connections are allowed.
Please see https://chromedriver.chromium.org/security-considerations for suggestions on keeping ChromeDriver safe.
ChromeDriver was started successfully.
Jun 20, 2022 12:03:52 AM org.openqa.selenium.remote.ProtocolHandshake createSession
INFO: Detected upstream dialect: W3C
Jun 20, 2022 12:03:53 AM org.openqa.selenium.devtools.CdpVersionFinder findNearestMatch
INFO: Found exact CDP implementation for version 102
Starting ChromeDriver 102.0.5005.61 (0e59bcc00cc4985ce39ad31c150065f159d95ad3-refs/branch-heads/5005@{#819}) on port 58362
Only local connections are allowed.
Please see https://chromedriver.chromium.org/security-considerations for suggestions on keeping ChromeDriver safe.
ChromeDriver was started successfully.
Jun 20, 2022 12:04:07 AM org.openqa.selenium.remote.ProtocolHandshake createSession
INFO: Detected upstream dialect: W3C
Jun 20, 2022 12:04:07 AM org.openqa.selenium.devtools.CdpVersionFinder findNearestMatch
INFO: Found exact CDP implementation for version 102
]]></system-err>
  </testcase>
  <testcase name="runScenario[&quot;user could switch between currencies&quot;, &quot;User could Switch between currencies&quot;](6)" classname="org.example.testRunner.runner" time="35.023">
    <system-out><![CDATA[
@smoke
Scenario: guest user could register with valid data successfully &amp#27;[90m# src/main/resources/Features/F01_Register.feature:3&amp#27;[0m
  &amp#27;[32mGiven &amp#27;[0m&amp#27;[32muser go to register page&amp#27;[0m                                 &amp#27;[90m# org.example.stepDef.D01_registerStepDef.navigate_registerPage()&amp#27;[0m
  &amp#27;[32mWhen &amp#27;[0m&amp#27;[32muser select gender&amp#27;[0m                                        &amp#27;[90m# org.example.stepDef.D01_registerStepDef.selectGender()&amp#27;[0m
  &amp#27;[32mAnd &amp#27;[0m&amp#27;[32muser enter first name "&amp#27;[0m&amp#27;[32m&amp#27;[1malii&amp#27;[0m&amp#27;[32m" and "&amp#27;[0m&amp#27;[32m&amp#27;[1mmoohsn&amp#27;[0m&amp#27;[32m" Last name&amp#27;[0m        &amp#27;[90m# org.example.stepDef.D01_registerStepDef.enterName(java.lang.String,java.lang.String)&amp#27;[0m
  &amp#27;[32mAnd &amp#27;[0m&amp#27;[32muser enter date of birth&amp#27;[0m                                   &amp#27;[90m# org.example.stepDef.D01_registerStepDef.selectDate()&amp#27;[0m
  &amp#27;[32mAnd &amp#27;[0m&amp#27;[32muser enter email "&amp#27;[0m&amp#27;[32m&amp#27;[1mfouadmohamed8@gmail.com&amp#27;[0m&amp#27;[32m"&amp#27;[0m                 &amp#27;[90m# org.example.stepDef.D01_registerStepDef.enterEmail(java.lang.String)&amp#27;[0m
  &amp#27;[32mAnd &amp#27;[0m&amp#27;[32muser fills password fields "&amp#27;[0m&amp#27;[32m&amp#27;[1m123456&amp#27;[0m&amp#27;[32m" and "&amp#27;[0m&amp#27;[32m&amp#27;[1m123456&amp#27;[0m&amp#27;[32m"&amp#27;[0m           &amp#27;[90m# org.example.stepDef.D01_registerStepDef.fillsPasswords(java.lang.String,java.lang.String)&amp#27;[0m
  &amp#27;[32mThen &amp#27;[0m&amp#27;[32muser clicks on register button&amp#27;[0m                            &amp#27;[90m# org.example.stepDef.D01_registerStepDef.clickregisterButton()&amp#27;[0m
  &amp#27;[32mAnd &amp#27;[0m&amp#27;[32msuccess message is displayed&amp#27;[0m                               &amp#27;[90m# org.example.stepDef.D01_registerStepDef.messageDisplayed()&amp#27;[0m

@smoke
Scenario: logged user select Categories              &amp#27;[90m# src/main/resources/Features/F05_hoverCategories.feature:3&amp#27;[0m
  &amp#27;[32mGiven &amp#27;[0m&amp#27;[32muser login successfully&amp#27;[0m                      &amp#27;[90m# org.example.stepDef.DO3_CurrenciesSteoDef.userLogin()&amp#27;[0m
  &amp#27;[32mWhen &amp#27;[0m&amp#27;[32muser select random categories and hover on it&amp#27;[0m &amp#27;[90m# org.example.stepDef.DO5_hoverCategoriesStepDef.SelectRandomCat()&amp#27;[0m
  &amp#27;[32mThen &amp#27;[0m&amp#27;[32mselect random subcategories and click on it&amp#27;[0m   &amp#27;[90m# org.example.stepDef.DO5_hoverCategoriesStepDef.SelectRandSubCat()&amp#27;[0m

@smoke
Scenario: users could click on First homeslider and navigate to another tab                         &amp#27;[90m# src/main/resources/Features/F06_homeSliders.feature:3&amp#27;[0m
  &amp#27;[32mGiven &amp#27;[0m&amp#27;[32muser login successfully&amp#27;[0m                                                                     &amp#27;[90m# org.example.stepDef.DO3_CurrenciesSteoDef.userLogin()&amp#27;[0m
  &amp#27;[32mWhen &amp#27;[0m&amp#27;[32muser click on first home slider&amp#27;[0m                                                              &amp#27;[90m# org.example.stepDef.DO6_homeSliders.ClickOnFirstSlider()&amp#27;[0m
  &amp#27;[31mThen &amp#27;[0m&amp#27;[31mSystem should direct user to nokia-lumia URL "&amp#27;[0m&amp#27;[31m&amp#27;[1mhttps://demo.nopcommerce.com/nokia-lumia-1020&amp#27;[0m&amp#27;[31m"&amp#27;[0m &amp#27;[90m# org.example.stepDef.DO6_homeSliders.FirstsliderCheck(java.lang.String)&amp#27;[0m
      &amp#27;[31morg.openqa.selenium.TimeoutException: Expected condition failed: waiting for url to contain "https://demo.nopcommerce.com/nokia-lumia-1020". Current url: "https://demo.nopcommerce.com/" (tried for 5 second(s) with 500 milliseconds interval)
Build info: version: '4.2.2', revision: '683ccb65d6'
System info: host: 'DESKTOP-G4V72L8', ip: '192.168.1.4', os.name: 'Windows 10', os.arch: 'amd64', os.version: '10.0', java.version: '1.8.0_241'
Driver info: org.openqa.selenium.chrome.ChromeDriver
Capabilities {acceptInsecureCerts: false, browserName: chrome, browserVersion: 102.0.5005.115, chrome: {chromedriverVersion: 102.0.5005.61 (0e59bcc00cc4..., userDataDir: C:\Users\lenovo\AppData\Loc...}, goog:chromeOptions: {debuggerAddress: localhost:63603}, networkConnectionEnabled: false, pageLoadStrategy: normal, platformName: WINDOWS, proxy: Proxy(), se:cdp: ws://localhost:63603/devtoo..., se:cdpVersion: 102.0.5005.115, setWindowRect: true, strictFileInteractability: false, timeouts: {implicit: 0, pageLoad: 300000, script: 30000}, unhandledPromptBehavior: dismiss and notify, webauthn:extension:credBlob: true, webauthn:extension:largeBlob: true, webauthn:virtualAuthenticators: true}
Session ID: d090f80171cd876c2f0e8a3a7491d294
	at org.openqa.selenium.support.ui.WebDriverWait.timeoutException(WebDriverWait.java:87)
	at org.openqa.selenium.support.ui.FluentWait.until(FluentWait.java:231)
	at org.example.stepDef.DO6_homeSliders.FirstsliderCheck(DO6_homeSliders.java:25)
	at âœ½.System should direct user to nokia-lumia URL "https://demo.nopcommerce.com/nokia-lumia-1020"(file:///E:/Mvencucamber/src/main/resources/Features/F06_homeSliders.feature:6)
&amp#27;[0m

@smoke
Scenario:                                                                                &amp#27;[90m# src/main/resources/Features/F06_homeSliders.feature:8&amp#27;[0m
  &amp#27;[32mGiven &amp#27;[0m&amp#27;[32muser login successfully&amp#27;[0m                                                          &amp#27;[90m# org.example.stepDef.DO3_CurrenciesSteoDef.userLogin()&amp#27;[0m
  &amp#27;[32mWhen &amp#27;[0m&amp#27;[32muser click on sub home slider&amp#27;[0m                                                     &amp#27;[90m# org.example.stepDef.DO6_homeSliders.ClickOnSubSlider()&amp#27;[0m
  &amp#27;[31mThen &amp#27;[0m&amp#27;[31mSystem should direct user to Iphone-6 URL "&amp#27;[0m&amp#27;[31m&amp#27;[1mhttps://demo.nopcommerce.com/iphone-6&amp#27;[0m&amp#27;[31m"&amp#27;[0m &amp#27;[90m# org.example.stepDef.DO6_homeSliders.SecondSliderCheck(java.lang.String)&amp#27;[0m
      &amp#27;[31morg.openqa.selenium.TimeoutException: Expected condition failed: waiting for url to contain "https://demo.nopcommerce.com/iphone-6". Current url: "https://demo.nopcommerce.com/" (tried for 5 second(s) with 500 milliseconds interval)
Build info: version: '4.2.2', revision: '683ccb65d6'
System info: host: 'DESKTOP-G4V72L8', ip: '192.168.1.4', os.name: 'Windows 10', os.arch: 'amd64', os.version: '10.0', java.version: '1.8.0_241'
Driver info: org.openqa.selenium.chrome.ChromeDriver
Capabilities {acceptInsecureCerts: false, browserName: chrome, browserVersion: 102.0.5005.115, chrome: {chromedriverVersion: 102.0.5005.61 (0e59bcc00cc4..., userDataDir: C:\Users\lenovo\AppData\Loc...}, goog:chromeOptions: {debuggerAddress: localhost:63646}, networkConnectionEnabled: false, pageLoadStrategy: normal, platformName: WINDOWS, proxy: Proxy(), se:cdp: ws://localhost:63646/devtoo..., se:cdpVersion: 102.0.5005.115, setWindowRect: true, strictFileInteractability: false, timeouts: {implicit: 0, pageLoad: 300000, script: 30000}, unhandledPromptBehavior: dismiss and notify, webauthn:extension:credBlob: true, webauthn:extension:largeBlob: true, webauthn:virtualAuthenticators: true}
Session ID: 05a51858b125f1c7610a045f29da3789
	at org.openqa.selenium.support.ui.WebDriverWait.timeoutException(WebDriverWait.java:87)
	at org.openqa.selenium.support.ui.FluentWait.until(FluentWait.java:231)
	at org.example.stepDef.DO6_homeSliders.SecondSliderCheck(DO6_homeSliders.java:32)
	at âœ½.System should direct user to Iphone-6 URL "https://demo.nopcommerce.com/iphone-6"(file:///E:/Mvencucamber/src/main/resources/Features/F06_homeSliders.feature:11)
&amp#27;[0m

@smoke
Scenario: user could add different products to Wishlist                        &amp#27;[90m# src/main/resources/Features/F08_Wishlist.feature:4&amp#27;[0m
  &amp#27;[32mGiven &amp#27;[0m&amp#27;[32mUser add a product "&amp#27;[0m&amp#27;[32m&amp#27;[1mHTC One M8 Android L 5.0 Lollipop&amp#27;[0m&amp#27;[32m" to his wishlist&amp#27;[0m &amp#27;[90m# org.example.stepDef.D08_WishlistStepDef.addProduct(java.lang.String)&amp#27;[0m
  &amp#27;[31mThen &amp#27;[0m&amp#27;[31mthe product added to the wishlist and see success msg "&amp#27;[0m&amp#27;[31m&amp#27;[1mwishlist&amp#27;[0m&amp#27;[31m"&amp#27;[0m        &amp#27;[90m# org.example.stepDef.D08_WishlistStepDef.checkMsg(java.lang.String)&amp#27;[0m
      &amp#27;[31mjava.lang.AssertionError: The following asserts failed:
	msg expected [true] but found [false]
	at org.testng.asserts.SoftAssert.assertAll(SoftAssert.java:46)
	at org.testng.asserts.SoftAssert.assertAll(SoftAssert.java:30)
	at org.example.stepDef.D08_WishlistStepDef.checkMsg(D08_WishlistStepDef.java:31)
	at âœ½.the product added to the wishlist and see success msg "wishlist"(file:///E:/Mvencucamber/src/main/resources/Features/F08_Wishlist.feature:6)
&amp#27;[0m

@smoke
Scenario: user could switch between currencies                   &amp#27;[90m# src/main/resources/Features/FO3_Currencies.feature:3&amp#27;[0m
  &amp#27;[32mGiven &amp#27;[0m&amp#27;[32muser login successfully&amp#27;[0m                                  &amp#27;[90m# org.example.stepDef.DO3_Currenci]]></system-out>
    <system-err><![CDATA[Starting ChromeDriver 102.0.5005.61 (0e59bcc00cc4985ce39ad31c150065f159d95ad3-refs/branch-heads/5005@{#819}) on port 63634
Only local connections are allowed.
Please see https://chromedriver.chromium.org/security-considerations for suggestions on keeping ChromeDriver safe.
ChromeDriver was started successfully.
Jun 20, 2022 12:04:20 AM org.openqa.selenium.remote.ProtocolHandshake createSession
INFO: Detected upstream dialect: W3C
Jun 20, 2022 12:04:20 AM org.openqa.selenium.devtools.CdpVersionFinder findNearestMatch
INFO: Found exact CDP implementation for version 102
]]></system-err>
  </testcase>
  <testcase name="runScenario[&quot;user could search for product using name&quot;, &quot;user could seach for products&quot;](7)" classname="org.example.testRunner.runner" time="18.119">
    <system-out><![CDATA[https://demo.nopcommerce.com/apple-macbook-pro-13-inch
https://demo.nopcommerce.com/samsung-series-9-np900x4c-premium-ultrabook
https://demo.nopcommerce.com/hp-spectre-xt-pro-ultrabook
https://demo.nopcommerce.com/hp-envy-6-1180ca-156-inch-sleekbook
]]></system-out>
    <system-err><![CDATA[Starting ChromeDriver 102.0.5005.61 (0e59bcc00cc4985ce39ad31c150065f159d95ad3-refs/branch-heads/5005@{#819}) on port 49165
Only local connections are allowed.
Please see https://chromedriver.chromium.org/security-considerations for suggestions on keeping ChromeDriver safe.
ChromeDriver was started successfully.
Jun 20, 2022 12:04:55 AM org.openqa.selenium.remote.ProtocolHandshake createSession
INFO: Detected upstream dialect: W3C
Jun 20, 2022 12:04:55 AM org.openqa.selenium.devtools.CdpVersionFinder findNearestMatch
INFO: Found exact CDP implementation for version 102
]]></system-err>
  </testcase>
  <testcase name="runScenario[&quot;user could search for product using name&quot;, &quot;user could seach for products&quot;](8)" classname="org.example.testRunner.runner" time="9.228">
    <system-out><![CDATA[https://demo.nopcommerce.com/asus-n551jk-xo076h-laptop
https://demo.nopcommerce.com/lenovo-thinkpad-x1-carbon-laptop
]]></system-out>
    <system-err><![CDATA[Starting ChromeDriver 102.0.5005.61 (0e59bcc00cc4985ce39ad31c150065f159d95ad3-refs/branch-heads/5005@{#819}) on port 56920
Only local connections are allowed.
Please see https://chromedriver.chromium.org/security-considerations for suggestions on keeping ChromeDriver safe.
ChromeDriver was started successfully.
Jun 20, 2022 12:05:14 AM org.openqa.selenium.remote.ProtocolHandshake createSession
INFO: Detected upstream dialect: W3C
Jun 20, 2022 12:05:14 AM org.openqa.selenium.devtools.CdpVersionFinder findNearestMatch
INFO: Found exact CDP implementation for version 102
]]></system-err>
  </testcase>
  <testcase name="runScenario[&quot;user could search for product using name&quot;, &quot;user could seach for products&quot;](9)" classname="org.example.testRunner.runner" time="14.661">
    <system-out><![CDATA[https://demo.nopcommerce.com/nike-floral-roshe-customized-running-shoes
https://demo.nopcommerce.com/nike-sb-zoom-stefan-janoski-medium-mint
https://demo.nopcommerce.com/nike-tailwind-loose-short-sleeve-running-shirt
]]></system-out>
    <system-err><![CDATA[Starting ChromeDriver 102.0.5005.61 (0e59bcc00cc4985ce39ad31c150065f159d95ad3-refs/branch-heads/5005@{#819}) on port 58801
Only local connections are allowed.
Please see https://chromedriver.chromium.org/security-considerations for suggestions on keeping ChromeDriver safe.
ChromeDriver was started successfully.
Jun 20, 2022 12:05:22 AM org.openqa.selenium.remote.ProtocolHandshake createSession
INFO: Detected upstream dialect: W3C
Jun 20, 2022 12:05:22 AM org.openqa.selenium.devtools.CdpVersionFinder findNearestMatch
INFO: Found exact CDP implementation for version 102
]]></system-err>
  </testcase>
  <testcase name="runScenario[&quot;user opens facebook link&quot;, &quot;F07_followUs | users could open followUs links&quot;](10)" classname="org.example.testRunner.runner" time="9.284">
    <system-err><![CDATA[Starting ChromeDriver 102.0.5005.61 (0e59bcc00cc4985ce39ad31c150065f159d95ad3-refs/branch-heads/5005@{#819}) on port 57554
Only local connections are allowed.
Please see https://chromedriver.chromium.org/security-considerations for suggestions on keeping ChromeDriver safe.
ChromeDriver was started successfully.
Jun 20, 2022 12:05:37 AM org.openqa.selenium.remote.ProtocolHandshake createSession
INFO: Detected upstream dialect: W3C
Jun 20, 2022 12:05:37 AM org.openqa.selenium.devtools.CdpVersionFinder findNearestMatch
INFO: Found exact CDP implementation for version 102
]]></system-err>
  </testcase>
  <testcase name="runScenario[&quot;user opens twitter link&quot;, &quot;F07_followUs | users could open followUs links&quot;](11)" classname="org.example.testRunner.runner" time="13.897">
    <system-err><![CDATA[Starting ChromeDriver 102.0.5005.61 (0e59bcc00cc4985ce39ad31c150065f159d95ad3-refs/branch-heads/5005@{#819}) on port 62644
Only local connections are allowed.
Please see https://chromedriver.chromium.org/security-considerations for suggestions on keeping ChromeDriver safe.
ChromeDriver was started successfully.
Jun 20, 2022 12:05:46 AM org.openqa.selenium.remote.ProtocolHandshake createSession
INFO: Detected upstream dialect: W3C
Jun 20, 2022 12:05:46 AM org.openqa.selenium.devtools.CdpVersionFinder findNearestMatch
INFO: Found exact CDP implementation for version 102
]]></system-err>
  </testcase>
  <testcase name="runScenario[&quot;user opens rss link&quot;, &quot;F07_followUs | users could open followUs links&quot;](12)" classname="org.example.testRunner.runner" time="14.232">
    <failure message="Index: 1, Size: 1" type="java.lang.IndexOutOfBoundsException"><![CDATA[java.lang.IndexOutOfBoundsException: Index: 1, Size: 1
	at java.util.ArrayList.rangeCheck(ArrayList.java:657)
	at java.util.ArrayList.get(ArrayList.java:433)
	at org.example.stepDef.D07_followUsStepDef.Rss(D07_followUsStepDef.java:31)
	at ✽.User click on rss link(file:///E:/Mvencucamber/src/main/resources/Features/FO7_followUs.feature:16)
]]></failure>
    <system-err><![CDATA[Starting ChromeDriver 102.0.5005.61 (0e59bcc00cc4985ce39ad31c150065f159d95ad3-refs/branch-heads/5005@{#819}) on port 50871
Only local connections are allowed.
Please see https://chromedriver.chromium.org/security-considerations for suggestions on keeping ChromeDriver safe.
ChromeDriver was started successfully.
Jun 20, 2022 12:06:00 AM org.openqa.selenium.remote.ProtocolHandshake createSession
INFO: Detected upstream dialect: W3C
Jun 20, 2022 12:06:00 AM org.openqa.selenium.devtools.CdpVersionFinder findNearestMatch
INFO: Found exact CDP implementation for version 102
]]></system-err>
  </testcase>
  <testcase name="runScenario[&quot;user opens youtube link&quot;, &quot;F07_followUs | users could open followUs links&quot;](13)" classname="org.example.testRunner.runner" time="12.239">
    <system-err><![CDATA[Starting ChromeDriver 102.0.5005.61 (0e59bcc00cc4985ce39ad31c150065f159d95ad3-refs/branch-heads/5005@{#819}) on port 63395
Only local connections are allowed.
Please see https://chromedriver.chromium.org/security-considerations for suggestions on keeping ChromeDriver safe.
ChromeDriver was started successfully.
Jun 20, 2022 12:06:15 AM org.openqa.selenium.remote.ProtocolHandshake createSession
INFO: Detected upstream dialect: W3C
Jun 20, 2022 12:06:15 AM org.openqa.selenium.devtools.CdpVersionFinder findNearestMatch
INFO: Found exact CDP implementation for version 102
]]></system-err>
  </testcase>
  <testcase name="runScenario[&quot;user adds item to cart&quot;, &quot;User could add item to cart&quot;](14)" classname="org.example.testRunner.runner" time="46.955">
    <system-err><![CDATA[Starting ChromeDriver 102.0.5005.61 (0e59bcc00cc4985ce39ad31c150065f159d95ad3-refs/branch-heads/5005@{#819}) on port 56524
Only local connections are allowed.
Please see https://chromedriver.chromium.org/security-considerations for suggestions on keeping ChromeDriver safe.
ChromeDriver was started successfully.
Jun 20, 2022 12:06:27 AM org.openqa.selenium.remote.ProtocolHandshake createSession
INFO: Detected upstream dialect: W3C
Jun 20, 2022 12:06:27 AM org.openqa.selenium.devtools.CdpVersionFinder findNearestMatch
INFO: Found exact CDP implementation for version 102
]]></system-err>
  </testcase>
  <testcase name="runScenario[&quot;user could login with valid email and password&quot;, &quot;users could Login with registered account&quot;](15)" classname="org.example.testRunner.runner" time="8.286">
    <system-err><![CDATA[Starting ChromeDriver 102.0.5005.61 (0e59bcc00cc4985ce39ad31c150065f159d95ad3-refs/branch-heads/5005@{#819}) on port 49848
Only local connections are allowed.
Please see https://chromedriver.chromium.org/security-considerations for suggestions on keeping ChromeDriver safe.
ChromeDriver was started successfully.
Jun 20, 2022 12:07:14 AM org.openqa.selenium.remote.ProtocolHandshake createSession
INFO: Detected upstream dialect: W3C
Jun 20, 2022 12:07:14 AM org.openqa.selenium.devtools.CdpVersionFinder findNearestMatch
INFO: Found exact CDP implementation for version 102
]]></system-err>
  </testcase>
</testsuite>